<?xml version="1.0" encoding="UTF-8"?>
<testsuite xmlns:xsi="http://www.w3.org/2001/XMLSchema-instance" xsi:noNamespaceSchemaLocation="https://maven.apache.org/surefire/maven-surefire-plugin/xsd/surefire-test-report-3.0.xsd" version="3.0" name="ObjectListTests" time="13.328" tests="1" errors="0" skipped="0" failures="0">
  <properties>
[...]
</properties>
  <testcase name="testObjectExistsAndLoadsInBrowser" classname="ObjectListTests" time="12.991">
    <system-out><![CDATA[Bucket: for_mend
Command: gcloud storage objects list gs://for_mend
Expected URL: gs://for_mend/tito.jpg
1---
1bucket: for_mend
1content_type: image/jpeg
1crc32c_hash: jRr2dA==
1creation_time: 2025-04-27T12:28:54+0000
1etag: CLbhxq+b+IwDEAE=
1generation: '1745756934484150'
1md5_hash: 01rwGvDXibPb57aUc37Q0Q==
1metageneration: 1
1name: Bulldog_inglese.jpg
1size: 140461
1storage_class: STANDARD
1storage_class_update_time: 2025-04-27T12:28:54+0000
1storage_url: gs://for_mend/Bulldog_inglese.jpg#1745756934484150
1update_time: 2025-04-27T12:28:54+0000
1---
1acl:
1- entity: allUsers
1  role: READER
1bucket: for_mend
1content_type: image/jpeg
1crc32c_hash: 8y2T1g==
1creation_time: 2025-04-29T09:18:04+0000
1etag: CJLSpLn0/IwDEAI=
1generation: '1745918284605714'
1md5_hash: Sc3rv3RfGK6ZJuEeIdPSXQ==
1metageneration: 2
1name: tito.jpg
1size: 16031
1storage_class: STANDARD
1storage_class_update_time: 2025-04-29T09:18:04+0000
1storage_url: gs://for_mend/tito.jpg#1745918284605714
Object found: true
]]></system-out>
    <system-err><![CDATA[SLF4J: Failed to load class "org.slf4j.impl.StaticLoggerBinder".
SLF4J: Defaulting to no-operation (NOP) logger implementation
SLF4J: See http://www.slf4j.org/codes.html#StaticLoggerBinder for further details.
]]></system-err>
  </testcase>
</testsuite>