<?xml version="1.0" encoding="UTF-8"?>
<testsuite xmlns:xsi="http://www.w3.org/2001/XMLSchema-instance" xsi:noNamespaceSchemaLocation="https://maven.apache.org/surefire/maven-surefire-plugin/xsd/surefire-test-report-3.0.xsd" version="3.0" name="SignedUrlTests" time="3.005" tests="1" errors="0" skipped="0" failures="0">
  <properties>
[...]
</properties>
  <testcase name="generateSignedUrlTest" classname="SignedUrlTests" time="2.621">
    <system-out><![CDATA[Command: gcloud storage sign-url gs://for_mend/Bulldog_inglese.jpg --duration=5m
---
expiration: '2025-04-29 10:41:51'
http_verb: GET
resource: gs://for_mend/Bulldog_inglese.jpg
signed_url: https://storage.googleapis.com/for_mend/Bulldog_inglese.jpg?x-goog-signature=1c226136bc8cef16685bacbba3e2de5afd61ad817afd8ed294490894b303efb56015dd6becf085e12cbe5b819cb1cd1164778321d89aaccc49b4bae28e3747d7f4e1c4573ccd9659493b1e4472162aafa9733936818a7eaeb7f1b5cff5aca8c57755c94ed2a2032d3fa3716c28379722ebe61435d27e8484debc55f7322776631d90d709c9ccee1778705a4ae6b26d7b0fd4f8a933df9608c30eb812fc3f894cf6749633713b57ab2cbe94442fc688230c4074f4a562af7b46a085a2a02ff000a2c604698d8d9cbb7dd9970b0bdab21967b1595c06faea812a1304d494b0c092772aee42bb8dac6388001fd6bac9de41bd32681c17c35b3f2da4986c2b965abe&x-goog-algorithm=GOOG4-RSA-SHA256&x-goog-credential=formend%40for-mend.iam.gserviceaccount.com%2F20250429%2Fus%2Fstorage%2Fgoog4_request&x-goog-date=20250429T103651Z&x-goog-expires=300&x-goog-signedheaders=host
Signed URL: https://storage.googleapis.com/for_mend/Bulldog_inglese.jpg?x-goog-signature=1c226136bc8cef16685bacbba3e2de5afd61ad817afd8ed294490894b303efb56015dd6becf085e12cbe5b819cb1cd1164778321d89aaccc49b4bae28e3747d7f4e1c4573ccd9659493b1e4472162aafa9733936818a7eaeb7f1b5cff5aca8c57755c94ed2a2032d3fa3716c28379722ebe61435d27e8484debc55f7322776631d90d709c9ccee1778705a4ae6b26d7b0fd4f8a933df9608c30eb812fc3f894cf6749633713b57ab2cbe94442fc688230c4074f4a562af7b46a085a2a02ff000a2c604698d8d9cbb7dd9970b0bdab21967b1595c06faea812a1304d494b0c092772aee42bb8dac6388001fd6bac9de41bd32681c17c35b3f2da4986c2b965abe&x-goog-algorithm=GOOG4-RSA-SHA256&x-goog-credential=formend%40for-mend.iam.gserviceaccount.com%2F20250429%2Fus%2Fstorage%2Fgoog4_request&x-goog-date=20250429T103651Z&x-goog-expires=300&x-goog-signedheaders=host
Signed URL written to: C:\dev\for_mend\gcloud_testsuite\target\signed_url.txt
]]></system-out>
    <system-err><![CDATA[SLF4J: Failed to load class "org.slf4j.impl.StaticLoggerBinder".
SLF4J: Defaulting to no-operation (NOP) logger implementation
SLF4J: See http://www.slf4j.org/codes.html#StaticLoggerBinder for further details.
]]></system-err>
  </testcase>
</testsuite>