<?xml version="1.0" encoding="UTF-8"?>
<testsuite xmlns:xsi="http://www.w3.org/2001/XMLSchema-instance" xsi:noNamespaceSchemaLocation="https://maven.apache.org/surefire/maven-surefire-plugin/xsd/surefire-test-report-3.0.xsd" version="3.0" name="SignedUrlTest" time="2.679" tests="1" errors="0" skipped="0" failures="0">
  <properties>
[...]
</properties>
  <testcase name="testSignedUrlNotPhish" classname="SignedUrlTest" time="2.34">
    <system-out><![CDATA[Command: gcloud storage sign-url gs://for_mend/Bulldog_inglese.jpg --duration=5m
true
---
expiration: '2025-04-28 09:27:45'
http_verb: GET
resource: gs://for_mend/Bulldog_inglese.jpg
signed_url: https://storage.googleapis.com/for_mend/Bulldog_inglese.jpg?x-goog-signature=1acb8f33173364e0abb1ff2f74c9ffcfc52d7d179f1ea68fbf23ea93a851e70a18d028064ee7fdcb66d8841f6428d580c51ddfaad9825242332f11ff691999750c87ea1314e20d91bbfb7e28dac1f75071de9dafeac551c60ae8e70ece9c6085ec57130f3039c3ee03072361347df88e008f7a234b0fcc997de29a3febf958c26ef0aa99d7968c321d35324eade0fdedcb41ce329a84f7fbcff691c8af3de5566b0bfab27bbd9b10f5546440f7d04a728d2cfdf0eb9dee6550028ea0b9d52e9bad62dab843f9399812eda5aaa72babae3c8479d0db49166cb0a164422595450aec6137ba4e0c75733872318e12b6ddef6f9177f34ab6d42e1fd6b866ee94fc89&x-goog-algorithm=GOOG4-RSA-SHA256&x-goog-credential=formend%40for-mend.iam.gserviceaccount.com%2F20250428%2Fus%2Fstorage%2Fgoog4_request&x-goog-date=20250428T092245Z&x-goog-expires=300&x-goog-signedheaders=host
Signed URL: ---
Signed URL: ---
]]></system-out>
    <system-err><![CDATA[SLF4J: Failed to load class "org.slf4j.impl.StaticLoggerBinder".
SLF4J: Defaulting to no-operation (NOP) logger implementation
SLF4J: See http://www.slf4j.org/codes.html#StaticLoggerBinder for further details.
]]></system-err>
  </testcase>
</testsuite>